[utils_logging.py:39 -           get_logger() ] ====================================================================
[utils_logging.py:40 -           get_logger() ] Logger Initialized
[utils_logging.py:42 -           get_logger() ] Start Logging at 2025-05-13 14:02:44.997018
[utils_logging.py:51 -             log_info() ] ====================================================================
[utils_logging.py:51 -             log_info() ] START - MAIN
[utils_logging.py:51 -             log_info() ] ====================================================================
[utils_logging.py:51 -             log_info() ] Starting...
[utils_logging.py:51 -             log_info() ] Parameters:
[utils_logging.py:51 -             log_info() ] ['/Users/pxmitchell/MyFiles/MyProjects/cdp-app-data-ctl/src/cdp_app_data_ctl/cdp_app_data_ctl.py', 'load']
[utils_logging.py:51 -             log_info() ] Run Identifier: 2025_05_13_14_02_44_996_9df909aa_303d_11f0_be63_3a3617bb2bd0
[utils_logging.py:51 -             log_info() ] ==================================================
[utils_logging.py:51 -             log_info() ] START - Config Initialize
[utils_logging.py:51 -             log_info() ] Config object
[utils_logging.py:51 -             log_info() ] ====================================================================
[utils_logging.py:51 -             log_info() ] Config:
[utils_logging.py:51 -             log_info() ] self.dir_config                     = /Users/pxmitchell/MyFiles/MyProjects/cdp-app-data-ctl
[utils_logging.py:51 -             log_info() ] self.dir_log                        = /Users/pxmitchell/MyFiles/MyProjects/cdp-app-data-ctl
[utils_logging.py:51 -             log_info() ] self.dir_out                        = /Users/pxmitchell/MyFiles/MyProjects/cdp-app-data-ctl/2025_05_13_14_02_44_996_9df909aa_303d_11f0_be63_3a3617bb2bd0
[utils_logging.py:51 -             log_info() ] self.dir_in                         = /Users/pxmitchell/MyFiles/MyProjects/cdp-app-data-ctl
[utils_logging.py:51 -             log_info() ] self.debug                          = False
[utils_logging.py:51 -             log_info() ] self.debug_level                    = False
[utils_logging.py:51 -             log_info() ] self.logger                         = <Logger cdp_app_data_ctl (DEBUG)>
[utils_logging.py:51 -             log_info() ] self.unique_identifier              = <Logger cdp_app_data_ctl (DEBUG)>
[utils_logging.py:51 -             log_info() ] ====================================================================
[utils_logging.py:51 -             log_info() ] END - Config Initialize
[utils_logging.py:51 -             log_info() ] ==================================================
[utils_logging.py:51 -             log_info() ] END - MAIN
[utils_logging.py:51 -             log_info() ] ====================================================================
